<?xml version="1.0" encoding="UTF-8"?>
<!-- Generated by org.testng.reporters.JUnitReportReporter -->
<testsuite skipped="0" hostname="DESKTOP-ADGCHK6" name="scripts.SampleNG" tests="3" failures="0" timestamp="2022-05-06T19:09:55 IST" time="17.146" errors="0">
  <testcase name="xyz" time="5.377" classname="scripts.SampleNG"/>
  <system-out/>
  <testcase name="abc" time="7.384" classname="scripts.SampleNG"/>
  <system-out/>
  <testcase name="pqr" time="4.385" classname="scripts.SampleNG"/>
  <system-out/>
</testsuite> <!-- scripts.SampleNG -->
