<?xml version="1.0" encoding="UTF-8"?>
<!-- Generated by org.testng.reporters.JUnitReportReporter -->
<testsuite skipped="0" hostname="DESKTOP-ADGCHK6" name="scripts.Sample" tests="1" failures="0" timestamp="2022-05-02T10:48:21 IST" time="9.080" errors="0">
  <testcase name="OpenApp" time="9.080" classname="scripts.Sample"/>
  <system-out/>
</testsuite> <!-- scripts.Sample -->
