<?xml version="1.0" encoding="UTF-8"?>
<!-- Generated by org.testng.reporters.JUnitReportReporter -->
<testsuite skipped="0" hostname="DESKTOP-ADGCHK6" name="com.selenium.master.Exepom" tests="1" failures="0" timestamp="2022-05-18T18:56:18 IST" time="35.397" errors="0">
  <testcase name="Rolecre" time="35.397" classname="com.selenium.master.Exepom"/>
  <system-out/>
</testsuite> <!-- com.selenium.master.Exepom -->
