<?xml version="1.0" encoding="UTF-8"?>
<!-- Generated by org.testng.reporters.JUnitReportReporter -->
<testsuite skipped="0" hostname="DESKTOP-ADGCHK6" name="com.selenium.master.BranchNg" tests="1" failures="0" timestamp="2022-05-11T19:08:04 IST" time="13.373" errors="0">
  <testcase name="Br" time="13.373" classname="com.selenium.master.BranchNg"/>
  <system-out/>
</testsuite> <!-- com.selenium.master.BranchNg -->
