<?xml version="1.0" encoding="UTF-8"?>
<!-- Generated by org.testng.reporters.JUnitReportReporter -->
<testsuite skipped="0" hostname="DESKTOP-ADGCHK6" name="com.selenium.master.RoleNg" tests="3" failures="0" timestamp="2022-05-11T19:08:04 IST" time="7.608" errors="0">
  <testcase name="Rol" time="3.182" classname="com.selenium.master.RoleNg"/>
  <system-out/>
  <testcase name="Rol" time="2.269" classname="com.selenium.master.RoleNg"/>
  <system-out/>
  <testcase name="Rol" time="2.157" classname="com.selenium.master.RoleNg"/>
  <system-out/>
</testsuite> <!-- com.selenium.master.RoleNg -->
